make --dry-run --keep-going --print-directory
make: Entering directory `/Users/Mar/Desktop/so_long'
gcc -g -Wall -Wextra -Werror -Iinc -Ilibft -Imlx -c src/so_long.c -o src/so_long.o
gcc -g -Wall -Wextra -Werror -Iinc -Ilibft -Imlx -c src/map.c -o src/map.o
gcc -g -Wall -Wextra -Werror -Iinc -Ilibft -Imlx -c src/map_utils.c -o src/map_utils.o
gcc -g -Wall -Wextra -Werror -Iinc -Ilibft -Imlx -c src/map_utils2.c -o src/map_utils2.o
gcc -g -Wall -Wextra -Werror -Iinc -Ilibft -Imlx -c src/mlx_utils.c -o src/mlx_utils.o
gcc -g -Wall -Wextra -Werror -Iinc -Ilibft -Imlx -c get_next_line/get_next_line.c -o get_next_line/get_next_line.o
/Applications/Xcode.app/Contents/Developer/usr/bin/make -C libft
 
make[1]: Entering directory `/Users/Mar/Desktop/so_long/libft'
gcc -Wall -Wextra -Werror -I.   -c -o ft_atoi.o ft_atoi.c
 
gcc -Wall -Wextra -Werror -I.   -c -o ft_bzero.o ft_bzero.c
gcc -Wall -Wextra -Werror -I.   -c -o ft_calloc.o ft_calloc.c
gcc -Wall -Wextra -Werror -I.   -c -o ft_isalnum.o ft_isalnum.c
gcc -Wall -Wextra -Werror -I.   -c -o ft_isalpha.o ft_isalpha.c
 
gcc -Wall -Wextra -Werror -I.   -c -o ft_isascii.o ft_isascii.c
gcc -Wall -Wextra -Werror -I.   -c -o ft_isdigit.o ft_isdigit.c
gcc -Wall -Wextra -Werror -I.   -c -o ft_isprint.o ft_isprint.c
 
gcc -Wall -Wextra -Werror -I.   -c -o ft_itoa.o ft_itoa.c
gcc -Wall -Wextra -Werror -I.   -c -o ft_memchr.o ft_memchr.c
gcc -Wall -Wextra -Werror -I.   -c -o ft_memcmp.o ft_memcmp.c
 
gcc -Wall -Wextra -Werror -I.   -c -o ft_memcpy.o ft_memcpy.c
gcc -Wall -Wextra -Werror -I.   -c -o ft_memmove.o ft_memmove.c
gcc -Wall -Wextra -Werror -I.   -c -o ft_memset.o ft_memset.c
gcc -Wall -Wextra -Werror -I.   -c -o ft_putchar_fd.o ft_putchar_fd.c
 
gcc -Wall -Wextra -Werror -I.   -c -o ft_putendl_fd.o ft_putendl_fd.c
gcc -Wall -Wextra -Werror -I.   -c -o ft_putnbr_fd.o ft_putnbr_fd.c
 
gcc -Wall -Wextra -Werror -I.   -c -o ft_putstr_fd.o ft_putstr_fd.c
gcc -Wall -Wextra -Werror -I.   -c -o ft_split.o ft_split.c
 
gcc -Wall -Wextra -Werror -I.   -c -o ft_strchr.o ft_strchr.c
gcc -Wall -Wextra -Werror -I.   -c -o ft_strdup.o ft_strdup.c
gcc -Wall -Wextra -Werror -I.   -c -o ft_striteri.o ft_striteri.c
gcc -Wall -Wextra -Werror -I.   -c -o ft_strjoin.o ft_strjoin.c
gcc -Wall -Wextra -Werror -I.   -c -o ft_strlcat.o ft_strlcat.c
 
gcc -Wall -Wextra -Werror -I.   -c -o ft_strlcpy.o ft_strlcpy.c
gcc -Wall -Wextra -Werror -I.   -c -o ft_strlen.o ft_strlen.c
gcc -Wall -Wextra -Werror -I.   -c -o ft_strmapi.o ft_strmapi.c
gcc -Wall -Wextra -Werror -I.   -c -o ft_strncmp.o ft_strncmp.c
gcc -Wall -Wextra -Werror -I.   -c -o ft_strnstr.o ft_strnstr.c
gcc -Wall -Wextra -Werror -I.   -c -o ft_strrchr.o ft_strrchr.c
gcc -Wall -Wextra -Werror -I.   -c -o ft_strtrim.o ft_strtrim.c
 
gcc -Wall -Wextra -Werror -I.   -c -o ft_substr.o ft_substr.c
gcc -Wall -Wextra -Werror -I.   -c -o ft_tolower.o ft_tolower.c
gcc -Wall -Wextra -Werror -I.   -c -o ft_toupper.o ft_toupper.c
ar rcs libft.a ft_atoi.o ft_bzero.o ft_calloc.o ft_isalnum.o ft_isalpha.o ft_isascii.o ft_isdigit.o ft_isprint.o ft_itoa.o ft_memchr.o ft_memcmp.o ft_memcpy.o ft_memmove.o ft_memset.o ft_putchar_fd.o ft_putendl_fd.o ft_putnbr_fd.o ft_putstr_fd.o ft_split.o ft_strchr.o ft_strdup.o ft_striteri.o ft_strjoin.o ft_strlcat.o ft_strlcpy.o ft_strlen.o ft_strmapi.o ft_strncmp.o ft_strnstr.o ft_strrchr.o ft_strtrim.o ft_substr.o ft_tolower.o ft_toupper.o
make[1]: Leaving directory `/Users/Mar/Desktop/so_long/libft'
 
/Applications/Xcode.app/Contents/Developer/usr/bin/make -C mlx
 
make[1]: Entering directory `/Users/Mar/Desktop/so_long/mlx'
make[1]: Nothing to be done for `all'.
make[1]: Leaving directory `/Users/Mar/Desktop/so_long/mlx'
 
gcc -g -Wall -Wextra -Werror -Iinc -Ilibft -Imlx -Lmlx -lmlx -framework OpenGL -framework AppKit -o so_long src/so_long.o src/map.o src/map_utils.o src/map_utils2.o src/mlx_utils.o get_next_line/get_next_line.o -L libft -lft
make: Leaving directory `/Users/Mar/Desktop/so_long'
 
